<?xml version="1.0" encoding="UTF-8"?>
<testng-results skipped="0" failed="0" ignored="0" total="8" passed="8">
  <reporter-output>
  </reporter-output>
  <suite name="Default suite" duration-ms="72021" started-at="2018-07-13T01:36:02Z" finished-at="2018-07-13T01:37:14Z">
    <groups>
    </groups>
    <test name="Default test" duration-ms="72021" started-at="2018-07-13T01:36:02Z" finished-at="2018-07-13T01:37:14Z">
      <class name="pkg1.Exercise1">
        <test-method status="PASS" signature="inits()[pri:0, instance:pkg1.Exercise1@1aeed2f]" name="inits" is-config="true" duration-ms="2879" started-at="2018-07-13T01:36:02Z" finished-at="2018-07-13T01:36:05Z">
          <reporter-output>
          </reporter-output>
        </test-method> <!-- inits -->
        <test-method status="PASS" signature="openURL()[pri:1, instance:pkg1.Exercise1@1aeed2f]" name="openURL" duration-ms="4683" started-at="2018-07-13T01:36:05Z" finished-at="2018-07-13T01:36:09Z">
          <reporter-output>
          </reporter-output>
        </test-method> <!-- openURL -->
        <test-method status="PASS" signature="clickProperty()[pri:2, instance:pkg1.Exercise1@1aeed2f]" name="clickProperty" duration-ms="5164" started-at="2018-07-13T01:36:09Z" finished-at="2018-07-13T01:36:15Z">
          <reporter-output>
          </reporter-output>
        </test-method> <!-- clickProperty -->
        <test-method status="PASS" signature="clickHouses()[pri:3, instance:pkg1.Exercise1@1aeed2f]" name="clickHouses" duration-ms="4048" started-at="2018-07-13T01:36:15Z" finished-at="2018-07-13T01:36:19Z">
          <reporter-output>
          </reporter-output>
        </test-method> <!-- clickHouses -->
        <test-method status="PASS" signature="clickDistrict()[pri:4, instance:pkg1.Exercise1@1aeed2f]" name="clickDistrict" duration-ms="1580" started-at="2018-07-13T01:36:19Z" finished-at="2018-07-13T01:36:20Z">
          <reporter-output>
          </reporter-output>
        </test-method> <!-- clickDistrict -->
        <test-method status="PASS" signature="setMinMax()[pri:5, instance:pkg1.Exercise1@1aeed2f]" name="setMinMax" duration-ms="6020" started-at="2018-07-13T01:36:20Z" finished-at="2018-07-13T01:36:26Z">
          <reporter-output>
          </reporter-output>
        </test-method> <!-- setMinMax -->
        <test-method status="PASS" signature="clickApply()[pri:6, instance:pkg1.Exercise1@1aeed2f]" name="clickApply" duration-ms="1648" started-at="2018-07-13T01:36:26Z" finished-at="2018-07-13T01:36:28Z">
          <reporter-output>
          </reporter-output>
        </test-method> <!-- clickApply -->
        <test-method status="PASS" signature="beds3()[pri:7, instance:pkg1.Exercise1@1aeed2f]" name="beds3" duration-ms="3004" started-at="2018-07-13T01:36:28Z" finished-at="2018-07-13T01:36:31Z">
          <reporter-output>
          </reporter-output>
        </test-method> <!-- beds3 -->
        <test-method status="PASS" signature="adCount()[pri:8, instance:pkg1.Exercise1@1aeed2f]" name="adCount" duration-ms="40638" started-at="2018-07-13T01:36:31Z" finished-at="2018-07-13T01:37:12Z">
          <reporter-output>
          </reporter-output>
        </test-method> <!-- adCount -->
        <test-method status="PASS" signature="exits()[pri:0, instance:pkg1.Exercise1@1aeed2f]" name="exits" is-config="true" duration-ms="2313" started-at="2018-07-13T01:37:12Z" finished-at="2018-07-13T01:37:14Z">
          <reporter-output>
          </reporter-output>
        </test-method> <!-- exits -->
      </class> <!-- pkg1.Exercise1 -->
    </test> <!-- Default test -->
  </suite> <!-- Default suite -->
</testng-results>
